0 info it worked if it ends with ok
1 verbose cli [ 'C:\\Program Files\\nodejs\\node.exe',
1 verbose cli   'C:\\Program Files\\nodejs\\node_modules\\npm\\bin\\npm-cli.js',
1 verbose cli   'start' ]
2 info using npm@4.0.1
3 info using node@v4.6.1
4 verbose run-script [ 'prestart', 'start', 'poststart' ]
5 info lifecycle assignment5@0.0.1~prestart: assignment5@0.0.1
6 silly lifecycle assignment5@0.0.1~prestart: no script for prestart, continuing
7 info lifecycle assignment5@0.0.1~start: assignment5@0.0.1
8 verbose lifecycle assignment5@0.0.1~start: unsafe-perm in lifecycle true
9 verbose lifecycle assignment5@0.0.1~start: PATH: C:\Program Files\nodejs\node_modules\npm\bin\node-gyp-bin;F:\Classwork\Adv-Web-Dev-Projects\Advanced-Web-Development-2016\Assignment 6\node_modules\.bin;C:\ProgramData\Oracle\Java\javapath;C:\Program Files (x86)\Intel\iCLS Client\;C:\Program Files\Intel\iCLS Client\;C:\Windows\system32;C:\Windows;C:\Windows\System32\Wbem;C:\Windows\System32\WindowsPowerShell\v1.0\;C:\Program Files\Intel\WiFi\bin\;C:\Program Files\Common Files\Intel\WirelessCommon\;C:\Program Files (x86)\Intel\Intel(R) Management Engine Components\DAL;C:\Program Files\Intel\Intel(R) Management Engine Components\DAL;C:\Program Files (x86)\Intel\Intel(R) Management Engine Components\IPT;C:\Program Files\Intel\Intel(R) Management Engine Components\IPT;C:\Program Files\nodejs\;C:\Program Files (x86)\Microsoft SQL Server\Client SDK\ODBC\130\Tools\Binn\;C:\Program Files (x86)\Microsoft SQL Server\130\Tools\Binn\;C:\Program Files (x86)\Microsoft SQL Server\130\DTS\Binn\;C:\Program Files (x86)\Microsoft SQL Server\130\Tools\Binn\ManagementStudio\;C:\Windows\system32\config\systemprofile\.dnx\bin;C:\Program Files\Microsoft DNX\Dnvm\;C:\Program Files\Microsoft SQL Server\130\Tools\Binn\;C:\Program Files (x86)\Brackets\command;C:\Program Files\Intel\WiFi\bin\;C:\Program Files\Common Files\Intel\WirelessCommon\;C:\Users\pholyoke\AppData\Roaming\npm;C:\sqlite;
10 verbose lifecycle assignment5@0.0.1~start: CWD: F:\Classwork\Adv-Web-Dev-Projects\Advanced-Web-Development-2016\Assignment 6
11 silly lifecycle assignment5@0.0.1~start: Args: [ '/d /s /c', 'node ./bin/www' ]
12 silly lifecycle assignment5@0.0.1~start: Returned: code: 1  signal: null
13 info lifecycle assignment5@0.0.1~start: Failed to exec start script
14 verbose stack Error: assignment5@0.0.1 start: `node ./bin/www`
14 verbose stack Exit status 1
14 verbose stack     at EventEmitter.<anonymous> (C:\Program Files\nodejs\node_modules\npm\lib\utils\lifecycle.js:279:16)
14 verbose stack     at emitTwo (events.js:87:13)
14 verbose stack     at EventEmitter.emit (events.js:172:7)
14 verbose stack     at ChildProcess.<anonymous> (C:\Program Files\nodejs\node_modules\npm\lib\utils\spawn.js:40:14)
14 verbose stack     at emitTwo (events.js:87:13)
14 verbose stack     at ChildProcess.emit (events.js:172:7)
14 verbose stack     at maybeClose (internal/child_process.js:829:16)
14 verbose stack     at Process.ChildProcess._handle.onexit (internal/child_process.js:211:5)
15 verbose pkgid assignment5@0.0.1
16 verbose cwd F:\Classwork\Adv-Web-Dev-Projects\Advanced-Web-Development-2016\Assignment 6
17 error Windows_NT 6.1.7601
18 error argv "C:\\Program Files\\nodejs\\node.exe" "C:\\Program Files\\nodejs\\node_modules\\npm\\bin\\npm-cli.js" "start"
19 error node v4.6.1
20 error npm  v4.0.1
21 error code ELIFECYCLE
22 error assignment5@0.0.1 start: `node ./bin/www`
22 error Exit status 1
23 error Failed at the assignment5@0.0.1 start script 'node ./bin/www'.
23 error Make sure you have the latest version of node.js and npm installed.
23 error If you do, this is most likely a problem with the assignment5 package,
23 error not with npm itself.
23 error Tell the author that this fails on your system:
23 error     node ./bin/www
23 error You can get information on how to open an issue for this project with:
23 error     npm bugs assignment5
23 error Or if that isn't available, you can get their info via:
23 error     npm owner ls assignment5
23 error There is likely additional logging output above.
24 verbose exit [ 1, true ]
